# JRE version: Java(TM) SE Runtime Environment (8.0_144-b01) (build 1.8.0_144-b01)
# Java VM: Java HotSpot(TM) 64-Bit Server VM (25.144-b01 mixed mode windows-amd64 compressed oops)
Heap:
 PSYoungGen      total 308224K, used 210560K [0x000000076b000000, 0x0000000783400000, 0x00000007c0000000)
  eden space 251392K, 61% used [0x000000076b000000,0x0000000774627fe0,0x000000077a580000)
  from space 56832K, 99% used [0x000000077e780000,0x0000000781ef8200,0x0000000781f00000)
  to   space 67584K, 0% used [0x000000077a580000,0x000000077a580000,0x000000077e780000)
 ParOldGen       total 175104K, used 110501K [0x00000006c1000000, 0x00000006cbb00000, 0x000000076b000000)
  object space 175104K, 63% used [0x00000006c1000000,0x00000006c7be9608,0x00000006cbb00000)
 Metaspace       used 14312K, capacity 14676K, committed 14848K, reserved 1062912K
  class space    used 1628K, capacity 1746K, committed 1792K, reserved 1048576K
GC Heap History (10 events):
Event: 1.648 GC heap before
{Heap before GC invocations=2 (full 0):
 PSYoungGen      total 76288K, used 76270K [0x000000076b000000, 0x0000000770500000, 0x00000007c0000000)
  eden space 65536K, 100% used [0x000000076b000000,0x000000076f000000,0x000000076f000000)
  from space 10752K, 99% used [0x000000076f000000,0x000000076fa7ba18,0x000000076fa80000)
  to   space 10752K, 0% used [0x000000076fa80000,0x000000076fa80000,0x0000000770500000)
 ParOldGen       total 175104K, used 2577K [0x00000006c1000000, 0x00000006cbb00000, 0x000000076b000000)
  object space 175104K, 1% used [0x00000006c1000000,0x00000006c1284618,0x00000006cbb00000)
 Metaspace       used 13822K, capacity 14194K, committed 14336K, reserved 1062912K
  class space    used 1582K, capacity 1695K, committed 1792K, reserved 1048576K
Event: 1.662 GC heap after
Heap after GC invocations=2 (full 0):
 PSYoungGen      total 76288K, used 10750K [0x000000076b000000, 0x0000000774500000, 0x00000007c0000000)
  eden space 65536K, 0% used [0x000000076b000000,0x000000076b000000,0x000000076f000000)
  from space 10752K, 99% used [0x000000076fa80000,0x00000007704ff998,0x0000000770500000)
  to   space 10752K, 0% used [0x000000076f000000,0x000000076f000000,0x000000076fa80000)
 ParOldGen       total 175104K, used 21159K [0x00000006c1000000, 0x00000006cbb00000, 0x000000076b000000)
  object space 175104K, 12% used [0x00000006c1000000,0x00000006c24a9de0,0x00000006cbb00000)
 Metaspace       used 13822K, capacity 14194K, committed 14336K, reserved 1062912K
  class space    used 1582K, capacity 1695K, committed 1792K, reserved 1048576K
}
Event: 1.842 GC heap before
{Heap before GC invocations=3 (full 0):
 PSYoungGen      total 76288K, used 76286K [0x000000076b000000, 0x0000000774500000, 0x00000007c0000000)
  eden space 65536K, 100% used [0x000000076b000000,0x000000076f000000,0x000000076f000000)
  from space 10752K, 99% used [0x000000076fa80000,0x00000007704ff998,0x0000000770500000)
  to   space 10752K, 0% used [0x000000076f000000,0x000000076f000000,0x000000076fa80000)
 ParOldGen       total 175104K, used 21159K [0x00000006c1000000, 0x00000006cbb00000, 0x000000076b000000)
  object space 175104K, 12% used [0x00000006c1000000,0x00000006c24a9de0,0x00000006cbb00000)
 Metaspace       used 13831K, capacity 14194K, committed 14336K, reserved 1062912K
  class space    used 1582K, capacity 1695K, committed 1792K, reserved 1048576K
Event: 1.853 GC heap after
Heap after GC invocations=3 (full 0):
 PSYoungGen      total 76288K, used 10728K [0x000000076b000000, 0x0000000774500000, 0x00000007c0000000)
  eden space 65536K, 0% used [0x000000076b000000,0x000000076b000000,0x000000076f000000)
  from space 10752K, 99% used [0x000000076f000000,0x000000076fa7a038,0x000000076fa80000)
  to   space 10752K, 0% used [0x0000000773a80000,0x0000000773a80000,0x0000000774500000)
 ParOldGen       total 175104K, used 50577K [0x00000006c1000000, 0x00000006cbb00000, 0x000000076b000000)
  object space 175104K, 28% used [0x00000006c1000000,0x00000006c4164430,0x00000006cbb00000)
 Metaspace       used 13831K, capacity 14194K, committed 14336K, reserved 1062912K
  class space    used 1582K, capacity 1695K, committed 1792K, reserved 1048576K
}
Event: 2.614 GC heap before
{Heap before GC invocations=4 (full 0):
 PSYoungGen      total 76288K, used 76264K [0x000000076b000000, 0x0000000774500000, 0x00000007c0000000)
  eden space 65536K, 100% used [0x000000076b000000,0x000000076f000000,0x000000076f000000)
  from space 10752K, 99% used [0x000000076f000000,0x000000076fa7a038,0x000000076fa80000)
  to   space 10752K, 0% used [0x0000000773a80000,0x0000000773a80000,0x0000000774500000)
 ParOldGen       total 175104K, used 50577K [0x00000006c1000000, 0x00000006cbb00000, 0x000000076b000000)
  object space 175104K, 28% used [0x00000006c1000000,0x00000006c4164430,0x00000006cbb00000)
 Metaspace       used 13857K, capacity 14258K, committed 14592K, reserved 1062912K
  class space    used 1584K, capacity 1695K, committed 1792K, reserved 1048576K
Event: 2.626 GC heap after
Heap after GC invocations=4 (full 0):
 PSYoungGen      total 141824K, used 10741K [0x000000076b000000, 0x0000000774500000, 0x00000007c0000000)
  eden space 131072K, 0% used [0x000000076b000000,0x000000076b000000,0x0000000773000000)
  from space 10752K, 99% used [0x0000000773a80000,0x00000007744fd4d0,0x0000000774500000)
  to   space 10752K, 0% used [0x0000000773000000,0x0000000773000000,0x0000000773a80000)
 ParOldGen       total 175104K, used 68177K [0x00000006c1000000, 0x00000006cbb00000, 0x000000076b000000)
  object space 175104K, 38% used [0x00000006c1000000,0x00000006c5294500,0x00000006cbb00000)
 Metaspace       used 13857K, capacity 14258K, committed 14592K, reserved 1062912K
  class space    used 1584K, capacity 1695K, committed 1792K, reserved 1048576K
}
Event: 3.009 GC heap before
{Heap before GC invocations=5 (full 0):
 PSYoungGen      total 141824K, used 141813K [0x000000076b000000, 0x0000000774500000, 0x00000007c0000000)
  eden space 131072K, 100% used [0x000000076b000000,0x0000000773000000,0x0000000773000000)
  from space 10752K, 99% used [0x0000000773a80000,0x00000007744fd4d0,0x0000000774500000)
  to   space 10752K, 0% used [0x0000000773000000,0x0000000773000000,0x0000000773a80000)
 ParOldGen       total 175104K, used 68177K [0x00000006c1000000, 0x00000006cbb00000, 0x000000076b000000)
  object space 175104K, 38% used [0x00000006c1000000,0x00000006c5294500,0x00000006cbb00000)
 Metaspace       used 13898K, capacity 14258K, committed 14592K, reserved 1062912K
  class space    used 1584K, capacity 1695K, committed 1792K, reserved 1048576K
Event: 3.030 GC heap after
Heap after GC invocations=5 (full 0):
 PSYoungGen      total 141824K, used 10725K [0x000000076b000000, 0x0000000781f00000, 0x00000007c0000000)
  eden space 131072K, 0% used [0x000000076b000000,0x000000076b000000,0x0000000773000000)
  from space 10752K, 99% used [0x0000000773000000,0x0000000773a796e0,0x0000000773a80000)
  to   space 56832K, 0% used [0x000000077e780000,0x000000077e780000,0x0000000781f00000)
 ParOldGen       total 175104K, used 109221K [0x00000006c1000000, 0x00000006cbb00000, 0x000000076b000000)
  object space 175104K, 62% used [0x00000006c1000000,0x00000006c7aa9608,0x00000006cbb00000)
 Metaspace       used 13898K, capacity 14258K, committed 14592K, reserved 1062912K
  class space    used 1584K, capacity 1695K, committed 1792K, reserved 1048576K
}
Event: 3.461 GC heap before
{Heap before GC invocations=6 (full 0):
 PSYoungGen      total 141824K, used 141797K [0x000000076b000000, 0x0000000781f00000, 0x00000007c0000000)
  eden space 131072K, 100% used [0x000000076b000000,0x0000000773000000,0x0000000773000000)
  from space 10752K, 99% used [0x0000000773000000,0x0000000773a796e0,0x0000000773a80000)
  to   space 56832K, 0% used [0x000000077e780000,0x000000077e780000,0x0000000781f00000)
 ParOldGen       total 175104K, used 109221K [0x00000006c1000000, 0x00000006cbb00000, 0x000000076b000000)
  object space 175104K, 62% used [0x00000006c1000000,0x00000006c7aa9608,0x00000006cbb00000)
 Metaspace       used 13928K, capacity 14322K, committed 14592K, reserved 1062912K
  class space    used 1584K, capacity 1695K, committed 1792K, reserved 1048576K
Event: 3.483 GC heap after
Heap after GC invocations=6 (full 0):
 PSYoungGen      total 308224K, used 56800K [0x000000076b000000, 0x0000000783400000, 0x00000007c0000000)
  eden space 251392K, 0% used [0x000000076b000000,0x000000076b000000,0x000000077a580000)
  from space 56832K, 99% used [0x000000077e780000,0x0000000781ef8200,0x0000000781f00000)
  to   space 67584K, 0% used [0x000000077a580000,0x000000077a580000,0x000000077e780000)
 ParOldGen       total 175104K, used 110501K [0x00000006c1000000, 0x00000006cbb00000, 0x000000076b000000)
  object space 175104K, 63% used [0x00000006c1000000,0x00000006c7be9608,0x00000006cbb00000)
 Metaspace       used 13928K, capacity 14322K, committed 14592K, reserved 1062912K
  class space    used 1584K, capacity 1695K, committed 1792K, reserved 1048576K
}

