# JRE version: Java(TM) SE Runtime Environment (8.0_144-b01) (build 1.8.0_144-b01)
# Java VM: Java HotSpot(TM) 64-Bit Server VM (25.144-b01 mixed mode windows-amd64 compressed oops)
Heap:
 PSYoungGen      total 292864K, used 236213K [0x000000076b000000, 0x0000000782400000, 0x00000007c0000000)
  eden space 247808K, 77% used [0x000000076b000000,0x0000000776ab2c08,0x000000077a200000)
  from space 45056K, 99% used [0x000000077dc00000,0x00000007807fab70,0x0000000780800000)
  to   space 59392K, 0% used [0x000000077a200000,0x000000077a200000,0x000000077dc00000)
 ParOldGen       total 175104K, used 98078K [0x00000006c1000000, 0x00000006cbb00000, 0x000000076b000000)
  object space 175104K, 56% used [0x00000006c1000000,0x00000006c6fc79e0,0x00000006cbb00000)
 Metaspace       used 15529K, capacity 16014K, committed 16256K, reserved 1062912K
  class space    used 1737K, capacity 1887K, committed 1920K, reserved 1048576K
GC Heap History (10 events):
Event: 1.553 GC heap before
{Heap before GC invocations=2 (full 0):
 PSYoungGen      total 76288K, used 76286K [0x000000076b000000, 0x0000000770500000, 0x00000007c0000000)
  eden space 65536K, 100% used [0x000000076b000000,0x000000076f000000,0x000000076f000000)
  from space 10752K, 99% used [0x000000076f000000,0x000000076fa7f988,0x000000076fa80000)
  to   space 10752K, 0% used [0x000000076fa80000,0x000000076fa80000,0x0000000770500000)
 ParOldGen       total 175104K, used 1479K [0x00000006c1000000, 0x00000006cbb00000, 0x000000076b000000)
  object space 175104K, 0% used [0x00000006c1000000,0x00000006c1171e90,0x00000006cbb00000)
 Metaspace       used 13845K, capacity 14258K, committed 14592K, reserved 1062912K
  class space    used 1582K, capacity 1695K, committed 1792K, reserved 1048576K
Event: 1.572 GC heap after
Heap after GC invocations=2 (full 0):
 PSYoungGen      total 76288K, used 10726K [0x000000076b000000, 0x0000000774500000, 0x00000007c0000000)
  eden space 65536K, 0% used [0x000000076b000000,0x000000076b000000,0x000000076f000000)
  from space 10752K, 99% used [0x000000076fa80000,0x00000007704f9838,0x0000000770500000)
  to   space 10752K, 0% used [0x000000076f000000,0x000000076f000000,0x000000076fa80000)
 ParOldGen       total 175104K, used 23717K [0x00000006c1000000, 0x00000006cbb00000, 0x000000076b000000)
  object space 175104K, 13% used [0x00000006c1000000,0x00000006c2729530,0x00000006cbb00000)
 Metaspace       used 13845K, capacity 14258K, committed 14592K, reserved 1062912K
  class space    used 1582K, capacity 1695K, committed 1792K, reserved 1048576K
}
Event: 1.913 GC heap before
{Heap before GC invocations=3 (full 0):
 PSYoungGen      total 76288K, used 76262K [0x000000076b000000, 0x0000000774500000, 0x00000007c0000000)
  eden space 65536K, 100% used [0x000000076b000000,0x000000076f000000,0x000000076f000000)
  from space 10752K, 99% used [0x000000076fa80000,0x00000007704f9838,0x0000000770500000)
  to   space 10752K, 0% used [0x000000076f000000,0x000000076f000000,0x000000076fa80000)
 ParOldGen       total 175104K, used 23717K [0x00000006c1000000, 0x00000006cbb00000, 0x000000076b000000)
  object space 175104K, 13% used [0x00000006c1000000,0x00000006c2729530,0x00000006cbb00000)
 Metaspace       used 13876K, capacity 14258K, committed 14592K, reserved 1062912K
  class space    used 1582K, capacity 1695K, committed 1792K, reserved 1048576K
Event: 1.925 GC heap after
Heap after GC invocations=3 (full 0):
 PSYoungGen      total 76288K, used 10737K [0x000000076b000000, 0x0000000774500000, 0x00000007c0000000)
  eden space 65536K, 0% used [0x000000076b000000,0x000000076b000000,0x000000076f000000)
  from space 10752K, 99% used [0x000000076f000000,0x000000076fa7c618,0x000000076fa80000)
  to   space 10752K, 0% used [0x0000000773a80000,0x0000000773a80000,0x0000000774500000)
 ParOldGen       total 175104K, used 51151K [0x00000006c1000000, 0x00000006cbb00000, 0x000000076b000000)
  object space 175104K, 29% used [0x00000006c1000000,0x00000006c41f3d28,0x00000006cbb00000)
 Metaspace       used 13876K, capacity 14258K, committed 14592K, reserved 1062912K
  class space    used 1582K, capacity 1695K, committed 1792K, reserved 1048576K
}
Event: 2.574 GC heap before
{Heap before GC invocations=4 (full 0):
 PSYoungGen      total 76288K, used 76273K [0x000000076b000000, 0x0000000774500000, 0x00000007c0000000)
  eden space 65536K, 100% used [0x000000076b000000,0x000000076f000000,0x000000076f000000)
  from space 10752K, 99% used [0x000000076f000000,0x000000076fa7c618,0x000000076fa80000)
  to   space 10752K, 0% used [0x0000000773a80000,0x0000000773a80000,0x0000000774500000)
 ParOldGen       total 175104K, used 51151K [0x00000006c1000000, 0x00000006cbb00000, 0x000000076b000000)
  object space 175104K, 29% used [0x00000006c1000000,0x00000006c41f3d28,0x00000006cbb00000)
 Metaspace       used 13887K, capacity 14258K, committed 14592K, reserved 1062912K
  class space    used 1584K, capacity 1695K, committed 1792K, reserved 1048576K
Event: 2.587 GC heap after
Heap after GC invocations=4 (full 0):
 PSYoungGen      total 141824K, used 10726K [0x000000076b000000, 0x0000000774500000, 0x00000007c0000000)
  eden space 131072K, 0% used [0x000000076b000000,0x000000076b000000,0x0000000773000000)
  from space 10752K, 99% used [0x0000000773a80000,0x00000007744f9a20,0x0000000774500000)
  to   space 10752K, 0% used [0x0000000773000000,0x0000000773000000,0x0000000773a80000)
 ParOldGen       total 175104K, used 72343K [0x00000006c1000000, 0x00000006cbb00000, 0x000000076b000000)
  object space 175104K, 41% used [0x00000006c1000000,0x00000006c56a5d38,0x00000006cbb00000)
 Metaspace       used 13887K, capacity 14258K, committed 14592K, reserved 1062912K
  class space    used 1584K, capacity 1695K, committed 1792K, reserved 1048576K
}
Event: 3.048 GC heap before
{Heap before GC invocations=5 (full 0):
 PSYoungGen      total 141824K, used 141798K [0x000000076b000000, 0x0000000774500000, 0x00000007c0000000)
  eden space 131072K, 100% used [0x000000076b000000,0x0000000773000000,0x0000000773000000)
  from space 10752K, 99% used [0x0000000773a80000,0x00000007744f9a20,0x0000000774500000)
  to   space 10752K, 0% used [0x0000000773000000,0x0000000773000000,0x0000000773a80000)
 ParOldGen       total 175104K, used 72343K [0x00000006c1000000, 0x00000006cbb00000, 0x000000076b000000)
  object space 175104K, 41% used [0x00000006c1000000,0x00000006c56a5d38,0x00000006cbb00000)
 Metaspace       used 13923K, capacity 14322K, committed 14592K, reserved 1062912K
  class space    used 1584K, capacity 1695K, committed 1792K, reserved 1048576K
Event: 3.060 GC heap after
Heap after GC invocations=5 (full 0):
 PSYoungGen      total 141824K, used 10733K [0x000000076b000000, 0x0000000780800000, 0x00000007c0000000)
  eden space 131072K, 0% used [0x000000076b000000,0x000000076b000000,0x0000000773000000)
  from space 10752K, 99% used [0x0000000773000000,0x0000000773a7b520,0x0000000773a80000)
  to   space 45056K, 0% used [0x000000077dc00000,0x000000077dc00000,0x0000000780800000)
 ParOldGen       total 175104K, used 84831K [0x00000006c1000000, 0x00000006cbb00000, 0x000000076b000000)
  object space 175104K, 48% used [0x00000006c1000000,0x00000006c62d7fd8,0x00000006cbb00000)
 Metaspace       used 13923K, capacity 14322K, committed 14592K, reserved 1062912K
  class space    used 1584K, capacity 1695K, committed 1792K, reserved 1048576K
}
Event: 3.534 GC heap before
{Heap before GC invocations=6 (full 0):
 PSYoungGen      total 141824K, used 141805K [0x000000076b000000, 0x0000000780800000, 0x00000007c0000000)
  eden space 131072K, 100% used [0x000000076b000000,0x0000000773000000,0x0000000773000000)
  from space 10752K, 99% used [0x0000000773000000,0x0000000773a7b520,0x0000000773a80000)
  to   space 45056K, 0% used [0x000000077dc00000,0x000000077dc00000,0x0000000780800000)
 ParOldGen       total 175104K, used 84831K [0x00000006c1000000, 0x00000006cbb00000, 0x000000076b000000)
  object space 175104K, 48% used [0x00000006c1000000,0x00000006c62d7fd8,0x00000006cbb00000)
 Metaspace       used 13954K, capacity 14322K, committed 14592K, reserved 1062912K
  class space    used 1584K, capacity 1695K, committed 1792K, reserved 1048576K
Event: 3.556 GC heap after
Heap after GC invocations=6 (full 0):
 PSYoungGen      total 292864K, used 45034K [0x000000076b000000, 0x0000000782400000, 0x00000007c0000000)
  eden space 247808K, 0% used [0x000000076b000000,0x000000076b000000,0x000000077a200000)
  from space 45056K, 99% used [0x000000077dc00000,0x00000007807fab70,0x0000000780800000)
  to   space 59392K, 0% used [0x000000077a200000,0x000000077a200000,0x000000077dc00000)
 ParOldGen       total 175104K, used 98078K [0x00000006c1000000, 0x00000006cbb00000, 0x000000076b000000)
  object space 175104K, 56% used [0x00000006c1000000,0x00000006c6fc79e0,0x00000006cbb00000)
 Metaspace       used 13954K, capacity 14322K, committed 14592K, reserved 1062912K
  class space    used 1584K, capacity 1695K, committed 1792K, reserved 1048576K
}

